<?xml version="1.0" encoding="UTF-8"?>
<!-- Generated by org.testng.reporters.JUnitReportReporter -->
<testsuite skipped="0" hostname="WKWIN5037064" name="com.qa.amazonTest.AmazonTestHomePage" tests="1" failures="0" timestamp="18 Dec 2019 11:43:55 GMT" time="17.123" errors="0">
  <testcase name="homePageTitleTest" time="17.123" classname="com.qa.amazonTest.AmazonTestHomePage"/>
</testsuite> <!-- com.qa.amazonTest.AmazonTestHomePage -->
