<?xml version="1.0" encoding="UTF-8"?>
<!-- Generated by org.testng.reporters.JUnitReportReporter -->
<testsuite skipped="0" hostname="WKWIN5037064" name="com.qa.amazonTest.AmazonTestPLPage" tests="2" failures="0" timestamp="05 Dec 2019 17:02:29 GMT" time="72.425" errors="0">
  <testcase name="amazonPLPTitleTest" time="31.228" classname="com.qa.amazonTest.AmazonTestPLPage"/>
  <testcase name="amazonPLPTest" time="41.197" classname="com.qa.amazonTest.AmazonTestPLPage"/>
</testsuite> <!-- com.qa.amazonTest.AmazonTestPLPage -->
