<?xml version="1.0" encoding="UTF-8"?>
<!-- Generated by org.testng.reporters.JUnitReportReporter -->
<testsuite skipped="0" hostname="WKWIN5037064" name="com.qa.amazonTest.AmazonTestHomePage" tests="2" failures="0" timestamp="05 Dec 2019 17:02:29 GMT" time="64.690" errors="0">
  <testcase name="homePageTitleTest" time="13.494" classname="com.qa.amazonTest.AmazonTestHomePage"/>
  <testcase name="productSearch" time="51.196" classname="com.qa.amazonTest.AmazonTestHomePage"/>
</testsuite> <!-- com.qa.amazonTest.AmazonTestHomePage -->
