<?xml version="1.0" encoding="UTF-8"?>
<!-- Generated by org.testng.reporters.JUnitReportReporter -->
<testsuite skipped="0" hostname="WKWIN5037064" name="com.qa.amazonTest.AmazonTestCartPage" tests="1" failures="0" timestamp="04 Dec 2019 13:19:25 GMT" time="42.641" errors="0">
  <testcase name="testCartPageTitle" time="42.641" classname="com.qa.amazonTest.AmazonTestCartPage"/>
</testsuite> <!-- com.qa.amazonTest.AmazonTestCartPage -->
