<?xml version="1.0" encoding="UTF-8"?>
<!-- Generated by org.testng.reporters.JUnitReportReporter -->
<testsuite skipped="1" hostname="WKWIN5037064" name="com.qa.amazonTest.AmazonTestCartPage" tests="2" failures="0" timestamp="30 Dec 2019 13:25:59 GMT" time="34.804" errors="0">
  <testcase name="testCartPageElements" time="34.804" classname="com.qa.amazonTest.AmazonTestCartPage"/>
  <testcase name="testCartPageTitle" classname="com.qa.amazonTest.AmazonTestCartPage">
    <skipped/>
  </testcase> <!-- testCartPageTitle -->
</testsuite> <!-- com.qa.amazonTest.AmazonTestCartPage -->
