<?xml version="1.0" encoding="UTF-8"?>
<!-- Generated by org.testng.reporters.JUnitReportReporter -->
<testsuite skipped="0" hostname="WKWIN5037064" name="com.qa.amazonTest.AmazonTestPDPage" tests="3" failures="0" timestamp="19 Dec 2019 16:34:26 GMT" time="177.715" errors="0">
  <testcase name="PDPageTitleTest" time="82.361" classname="com.qa.amazonTest.AmazonTestPDPage"/>
  <testcase name="PDPageElementsTest" time="50.445" classname="com.qa.amazonTest.AmazonTestPDPage"/>
  <testcase name="PDPAddToCart" time="44.909" classname="com.qa.amazonTest.AmazonTestPDPage"/>
</testsuite> <!-- com.qa.amazonTest.AmazonTestPDPage -->
