<?xml version="1.0" encoding="UTF-8"?>
<!-- Generated by org.testng.reporters.JUnitReportReporter -->
<testsuite skipped="0" hostname="WKWIN5037064" name="com.qa.amazonPageTest.amazonHomePageTest" tests="2" failures="0" timestamp="02 Oct 2019 10:02:42 GMT" time="24.945" errors="0">
  <testcase name="homePageTest" time="9.289" classname="com.qa.amazonPageTest.amazonHomePageTest"/>
  <testcase name="loginInToApp" time="15.656" classname="com.qa.amazonPageTest.amazonHomePageTest"/>
</testsuite> <!-- com.qa.amazonPageTest.amazonHomePageTest -->
