<?xml version="1.0" encoding="UTF-8"?>
<!-- Generated by org.testng.reporters.JUnitReportReporter -->
<testsuite skipped="1" hostname="WKWIN5037064" name="com.qa.amazonTest.AmazonTestLoginPage" tests="1" failures="0" timestamp="05 Dec 2019 17:02:29 GMT" time="0.000" errors="0">
  <testcase name="loginTest" time="0.000" classname="com.qa.amazonTest.AmazonTestLoginPage">
    <skipped/>
  </testcase> <!-- loginTest -->
</testsuite> <!-- com.qa.amazonTest.AmazonTestLoginPage -->
