<?xml version="1.0" encoding="UTF-8"?>
<!-- Generated by org.testng.reporters.JUnitReportReporter -->
<testsuite skipped="0" hostname="WKWIN5037064" name="com.qa.amazonTest.AmazonTestPDPage" tests="3" failures="0" timestamp="28 Nov 2019 04:23:38 GMT" time="80.331" errors="0">
  <testcase name="PDPageTitleTest" time="31.467" classname="com.qa.amazonTest.AmazonTestPDPage"/>
  <testcase name="PDPageElementsTest" time="24.498" classname="com.qa.amazonTest.AmazonTestPDPage"/>
  <testcase name="PDPAddToCart" time="24.366" classname="com.qa.amazonTest.AmazonTestPDPage"/>
</testsuite> <!-- com.qa.amazonTest.AmazonTestPDPage -->
