<?xml version="1.0" encoding="UTF-8"?>
<!-- Generated by org.testng.reporters.JUnitReportReporter -->
<testsuite skipped="0" hostname="WKWIN5037064" name="com.qa.amazonTest.AmazonTestPLPage" tests="2" failures="0" timestamp="07 Nov 2019 03:38:11 GMT" time="37.387" errors="0">
  <testcase name="amazonPLPTitleTest" time="17.610" classname="com.qa.amazonTest.AmazonTestPLPage"/>
  <testcase name="amazonPLPTest" time="19.777" classname="com.qa.amazonTest.AmazonTestPLPage"/>
</testsuite> <!-- com.qa.amazonTest.AmazonTestPLPage -->
